2015-06-11 15:18:17.397 Vino[2477:60476] DiskCookieStorage changing policy from 2 to 0, cookie file: file:///Users/Simon/Library/Developer/CoreSimulator/Devices/3456B5F2-31ED-4BC7-A8B0-EDC0CCA51932/data/Containers/Data/Application/016B3B26-80DF-4B9F-B6E3-15F7E08207FD/Library/Cookies/Cookies.binarycookies
2015-06-11 15:18:17.974 Vino[2477:60476] Apache Cordova native platform version 3.8.0 is starting.
2015-06-11 15:18:17.975 Vino[2477:60476] Multi-tasking -> Device: YES, App: YES
2015-06-11 15:18:18.005 Vino[2477:60476] Unlimited access to network resources
2015-06-11 15:18:18.037 Vino[2477:60476] 

Started backup to iCloud! Please be careful.
Your application might be rejected by Apple if you store too much data.
For more information please read "iOS Data Storage Guidelines" at:
https://developer.apple.com/icloud/documentation/data-storage/
To disable web storage backup to iCloud, set the BackupWebStorage preference to "local" in the Cordova config.xml file

2015-06-11 15:18:18.731 Vino[2477:60476] Bluetooth Serial Cordova Plugin - BLE version
2015-06-11 15:18:18.731 Vino[2477:60476] (c)2013-2014 Don Coleman
2015-06-11 15:18:18.740 Vino[2477:60476] [CDVTimer][bluetoothserial] 8.864999ms
2015-06-11 15:18:18.740 Vino[2477:60476] [CDVTimer][TotalPluginStartup] 9.590983ms
2015-06-11 15:18:19.070 Vino[2477:60476] Status of CoreBluetooth central manager changed 2 (State BLE unsupported (CBCentralManagerStateResetting))
2015-06-11 15:18:20.084 Vino[2477:60476] Resetting plugins due to page load.
2015-06-11 15:18:20.572 Vino[2477:60476] Finished load of: file:///Users/Simon/Library/Developer/CoreSimulator/Devices/3456B5F2-31ED-4BC7-A8B0-EDC0CCA51932/data/Containers/Bundle/Application/0D74CA24-CD70-425E-8468-5955C5F1C648/Vino.app/www/index.html
2015-06-12 14:29:48.796 Vino[2469:65740] DiskCookieStorage changing policy from 2 to 0, cookie file: file:///Users/Simon/Library/Developer/CoreSimulator/Devices/3456B5F2-31ED-4BC7-A8B0-EDC0CCA51932/data/Containers/Data/Application/904C8560-DED1-4E43-906A-DCD22AB3ECEF/Library/Cookies/Cookies.binarycookies
2015-06-12 14:29:49.216 Vino[2469:65740] Apache Cordova native platform version 3.8.0 is starting.
2015-06-12 14:29:49.217 Vino[2469:65740] Multi-tasking -> Device: YES, App: YES
2015-06-12 14:29:49.238 Vino[2469:65740] Unlimited access to network resources
2015-06-12 14:29:49.254 Vino[2469:65740] 

Started backup to iCloud! Please be careful.
Your application might be rejected by Apple if you store too much data.
For more information please read "iOS Data Storage Guidelines" at:
https://developer.apple.com/icloud/documentation/data-storage/
To disable web storage backup to iCloud, set the BackupWebStorage preference to "local" in the Cordova config.xml file

2015-06-12 14:29:49.760 Vino[2469:65740] Bluetooth Serial Cordova Plugin - BLE version
2015-06-12 14:29:49.760 Vino[2469:65740] (c)2013-2014 Don Coleman
2015-06-12 14:29:49.764 Vino[2469:65740] [CDVTimer][bluetoothserial] 4.064023ms
2015-06-12 14:29:49.764 Vino[2469:65740] [CDVTimer][TotalPluginStartup] 4.375041ms
2015-06-12 14:29:49.798 Vino[2469:65740] Status of CoreBluetooth central manager changed 2 (State BLE unsupported (CBCentralManagerStateResetting))
2015-06-12 14:29:50.170 Vino[2469:65740] Resetting plugins due to page load.
2015-06-12 14:29:50.494 Vino[2469:65740] Finished load of: file:///Users/Simon/Library/Developer/CoreSimulator/Devices/3456B5F2-31ED-4BC7-A8B0-EDC0CCA51932/data/Containers/Bundle/Application/B5CCEBCD-B178-488A-B428-B897EE914295/Vino.app/www/index.html
2015-06-12 14:31:40.121 Vino[2615:67407] DiskCookieStorage changing policy from 2 to 0, cookie file: file:///Users/Simon/Library/Developer/CoreSimulator/Devices/19A3C0DF-AE63-4148-85B9-3511E40C2D16/data/Containers/Data/Application/5D2D73FF-7B4D-4027-A642-145F06F7EBBF/Library/Cookies/Cookies.binarycookies
2015-06-12 14:31:40.318 Vino[2615:67407] Apache Cordova native platform version 3.8.0 is starting.
2015-06-12 14:31:40.319 Vino[2615:67407] Multi-tasking -> Device: YES, App: YES
2015-06-12 14:31:40.327 Vino[2615:67407] Unlimited access to network resources
2015-06-12 14:31:40.335 Vino[2615:67407] 

Started backup to iCloud! Please be careful.
Your application might be rejected by Apple if you store too much data.
For more information please read "iOS Data Storage Guidelines" at:
https://developer.apple.com/icloud/documentation/data-storage/
To disable web storage backup to iCloud, set the BackupWebStorage preference to "local" in the Cordova config.xml file

2015-06-12 14:31:40.610 Vino[2615:67407] Bluetooth Serial Cordova Plugin - BLE version
2015-06-12 14:31:40.610 Vino[2615:67407] (c)2013-2014 Don Coleman
2015-06-12 14:31:40.617 Vino[2615:67407] [CDVTimer][bluetoothserial] 7.580996ms
2015-06-12 14:31:40.618 Vino[2615:67407] [CDVTimer][TotalPluginStartup] 7.948995ms
2015-06-12 14:31:40.855 Vino[2615:67407] Status of CoreBluetooth central manager changed 2 (State BLE unsupported (CBCentralManagerStateResetting))
2015-06-12 14:31:41.453 Vino[2615:67407] Resetting plugins due to page load.
2015-06-12 14:31:41.583 Vino[2615:67407] Finished load of: file:///Users/Simon/Library/Developer/CoreSimulator/Devices/19A3C0DF-AE63-4148-85B9-3511E40C2D16/data/Containers/Bundle/Application/98F662E8-71F7-4FE5-99D9-4D52CFB376CF/Vino.app/www/index.html
2015-06-12 14:49:05.442 Vino[2615:75013] Terminating since there is no system app.
